Listening on port 3000
cityCode response: 348181
singleDay status: {
  status: 200,
  statusText: 'OK',
  headers: {
    date: 'Sun, 10 May 2020 00:42:47 GMT',
    'content-type': 'application/json; charset=utf-8',
    'content-length': '970',
    connection: 'close',
    server: 'Microsoft-IIS/10.0',
    'ratelimit-limit': '50',
    'ratelimit-remaining': '36',
    'access-control-allow-origin': '*',
    'access-control-allow-methods': 'GET, PUT, POST, DELETE',
    'access-control-allow-headers': 'origin, x-requested-with, accept',
    'access-control-max-age': '3628800',
    'cache-control': 'public, max-age=1022',
    expires: 'Sun, 10 May 2020 00:59:49 GMT',
    accept: 'application/json, text/plain, */*',
    host: 'api.accuweather.com',
    'user-agent': 'axios/0.19.0',
    'x-forwarded-for': '73.7.109.63',
    'x-forwarded-port': '80',
    'x-forwarded-proto': 'http'
  },
  config: {
    url: 'http://dataservice.accuweather.com/forecasts/v1/daily/1day/348181',
    method: 'get',
    params: { apikey: '83uOrfJQO5h07Bz87yR25DcZeMATOpmO' },
    headers: {
      Accept: 'application/json, text/plain, */*',
      'User-Agent': 'axios/0.19.0'
    },
    transformRequest: [ [Function: transformRequest] ],
    transformResponse: [ [Function: transformResponse] ],
    timeout: 0,
    adapter: [Function: httpAdapter],
    xsrfCookieName: 'XSRF-TOKEN',
    xsrfHeaderName: 'X-XSRF-TOKEN',
    maxContentLength: -1,
    validateStatus: [Function: validateStatus],
    data: undefined
  },
  request: ClientRequest {
    _events: [Object: null prototype] {
      socket: [Function],
      abort: [Function],
      aborted: [Function],
      error: [Function],
      timeout: [Function],
      prefinish: [Function: requestOnPrefinish]
    },
    _eventsCount: 6,
    _maxListeners: undefined,
    outputData: [],
    outputSize: 0,
    writable: true,
    _last: true,
    chunkedEncoding: false,
    shouldKeepAlive: false,
    useChunkedEncodingByDefault: false,
    sendDate: false,
    _removedConnection: false,
    _removedContLen: false,
    _removedTE: false,
    _contentLength: 0,
    _hasBody: true,
    _trailer: '',
    finished: true,
    _headerSent: true,
    socket: Socket {
      connecting: false,
      _hadError: false,
      _parent: null,
      _host: 'dataservice.accuweather.com',
      _readableState: [ReadableState],
      readable: true,
      _events: [Object: null prototype],
      _eventsCount: 7,
      _maxListeners: undefined,
      _writableState: [WritableState],
      writable: false,
      allowHalfOpen: false,
      _sockname: null,
      _pendingData: null,
      _pendingEncoding: '',
      server: null,
      _server: null,
      parser: null,
      _httpMessage: [Circular],
      [Symbol(asyncId)]: 47,
      [Symbol(kHandle)]: [TCP],
      [Symbol(lastWriteQueueSize)]: 0,
      [Symbol(timeout)]: null,
      [Symbol(kBytesRead)]: 0,
      [Symbol(kBytesWritten)]: 0
    },
    connection: Socket {
      connecting: false,
      _hadError: false,
      _parent: null,
      _host: 'dataservice.accuweather.com',
      _readableState: [ReadableState],
      readable: true,
      _events: [Object: null prototype],
      _eventsCount: 7,
      _maxListeners: undefined,
      _writableState: [WritableState],
      writable: false,
      allowHalfOpen: false,
      _sockname: null,
      _pendingData: null,
      _pendingEncoding: '',
      server: null,
      _server: null,
      parser: null,
      _httpMessage: [Circular],
      [Symbol(asyncId)]: 47,
      [Symbol(kHandle)]: [TCP],
      [Symbol(lastWriteQueueSize)]: 0,
      [Symbol(timeout)]: null,
      [Symbol(kBytesRead)]: 0,
      [Symbol(kBytesWritten)]: 0
    },
    _header: 'GET ' +
      '/forecasts/v1/daily/1day/348181?apikey=83uOrfJQO5h07Bz87yR25DcZeMATOpmO ' +
      'HTTP/1.1\r' +
      '\nAccept: application/json, text/plain, */*\r' +
      '\nUser-Agent: axios/0.19.0\r' +
      '\nHost: dataservice.accuweather.com\r' +
      '\nConnection: close\r' +
      '\n\r' +
      '\n',
    _onPendingData: [Function: noopPendingOutput],
    agent: Agent {
      _events: [Object: null prototype],
      _eventsCount: 1,
      _maxListeners: undefined,
      defaultPort: 80,
      protocol: 'http:',
      options: [Object],
      requests: {},
      sockets: [Object],
      freeSockets: {},
      keepAliveMsecs: 1000,
      keepAlive: false,
      maxSockets: Infinity,
      maxFreeSockets: 256
    },
    socketPath: undefined,
    method: 'GET',
    path: '/forecasts/v1/daily/1day/348181?apikey=83uOrfJQO5h07Bz87yR25DcZeMATOpmO',
    _ended: true,
    res: IncomingMessage {
      _readableState: [ReadableState],
      readable: false,
      _events: [Object: null prototype],
      _eventsCount: 3,
      _maxListeners: undefined,
      socket: [Socket],
      connection: [Socket],
      httpVersionMajor: 1,
      httpVersionMinor: 1,
      httpVersion: '1.1',
      complete: true,
      headers: [Object],
      rawHeaders: [Array],
      trailers: {},
      rawTrailers: [],
      aborted: false,
      upgrade: false,
      url: '',
      method: null,
      statusCode: 200,
      statusMessage: 'OK',
      client: [Socket],
      _consuming: false,
      _dumped: false,
      req: [Circular],
      responseUrl: 'http://dataservice.accuweather.com/forecasts/v1/daily/1day/348181?apikey=83uOrfJQO5h07Bz87yR25DcZeMATOpmO',
      redirects: []
    },
    aborted: false,
    timeoutCb: null,
    upgradeOrConnect: false,
    parser: null,
    maxHeadersCount: null,
    _redirectable: Writable {
      _writableState: [WritableState],
      writable: true,
      _events: [Object: null prototype],
      _eventsCount: 2,
      _maxListeners: undefined,
      _options: [Object],
      _redirectCount: 0,
      _redirects: [],
      _requestBodyLength: 0,
      _requestBodyBuffers: [],
      _onNativeResponse: [Function],
      _currentRequest: [Circular],
      _currentUrl: 'http://dataservice.accuweather.com/forecasts/v1/daily/1day/348181?apikey=83uOrfJQO5h07Bz87yR25DcZeMATOpmO'
    },
    [Symbol(isCorked)]: false,
    [Symbol(outHeadersKey)]: [Object: null prototype] {
      accept: [Array],
      'user-agent': [Array],
      host: [Array]
    }
  },
  data: {
    Headline: {
      EffectiveDate: '2020-05-10T08:00:00-04:00',
      EffectiveEpochDate: 1589112000,
      Severity: 4,
      Text: 'Pleasant tomorrow',
      Category: 'mild',
      EndDate: null,
      EndEpochDate: null,
      MobileLink: 'http://m.accuweather.com/en/us/atlanta-ga/30303/extended-weather-forecast/348181?lang=en-us',
      Link: 'http://www.accuweather.com/en/us/atlanta-ga/30303/daily-weather-forecast/348181?lang=en-us'
    },
    DailyForecasts: [ [Object] ]
  }
}
Pleasant tomorrow
undefined [32minfo[39m [undefined]: GET /api/forecast/singleDate 200 283ms
